<?xml version="1.0" encoding="UTF-8"?>
<!-- Generated by org.testng.reporters.JUnitReportReporter -->
<testsuite name="selenium.java.testng.PrintAttribute" tests="1" time="2.053" ignored="0" failures="0" timestamp="20 Feb 2020 03:22:35 GMT" skipped="0" hostname="DESKTOP-ASCMVCA" errors="0">
  <testcase name="print" time="2.053" classname="selenium.java.testng.PrintAttribute"/>
</testsuite> <!-- selenium.java.testng.PrintAttribute -->
