<?xml version="1.0" encoding="UTF-8"?>
<!-- Generated by org.testng.reporters.JUnitReportReporter -->
<testsuite name="selenium.java.testng.FirstTestNG" tests="1" time="7.373" ignored="0" failures="0" timestamp="16 Feb 2020 17:05:24 GMT" skipped="0" hostname="DESKTOP-ASCMVCA" errors="0">
  <testcase name="myFirstTestCase" time="7.373" classname="selenium.java.testng.FirstTestNG"/>
</testsuite> <!-- selenium.java.testng.FirstTestNG -->
